# JRE version: Java(TM) SE Runtime Environment (7.0_80-b15) (build 1.7.0_80-b15)
# Java VM: Java HotSpot(TM) Client VM (24.80-b11 mixed mode windows-x86 )
Heap
 def new generation   total 78656K, used 51597K [0x02c00000, 0x08150000, 0x08150000)
  eden space 69952K,  73% used [0x02c00000, 0x05e634a0, 0x07050000)
  from space 8704K,   0% used [0x07050000, 0x07050000, 0x078d0000)
  to   space 8704K,   0% used [0x078d0000, 0x078d0000, 0x08150000)
 tenured generation   total 174784K, used 162324K [0x08150000, 0x12c00000, 0x12c00000)
   the space 174784K,  92% used [0x08150000, 0x11fd5000, 0x11fd5000, 0x12c00000)
 compacting perm gen  total 12288K, used 7608K [0x12c00000, 0x13800000, 0x16c00000)
   the space 12288K,  61% used [0x12c00000, 0x1336e1a0, 0x1336e200, 0x13800000)
GC Heap History (10 events):
Event: 13.696 GC heap before
{Heap before GC invocations=44 (full 5):
 def new generation   total 70336K, used 70336K [0x02c00000, 0x07850000, 0x08150000)
  eden space 62528K, 100% used [0x02c00000, 0x06910000, 0x06910000)
  from space 7808K, 100% used [0x06910000, 0x070b0000, 0x070b0000)
  to   space 7808K,   0% used [0x070b0000, 0x070b0000, 0x07850000)
 tenured generation   total 156180K, used 110168K [0x08150000, 0x119d5000, 0x12c00000)
   the space 156180K,  70% used [0x08150000, 0x0ece6030, 0x0ece6200, 0x119d5000)
 compacting perm gen  total 12288K, used 7284K [0x12c00000, 0x13800000, 0x16c00000)
   the space 12288K,  59% used [0x12c00000, 0x1331d348, 0x1331d400, 0x13800000)
No shared spaces configured.
Event: 13.822 GC heap after
Heap after GC invocations=45 (full 5):
 def new generation   total 70336K, used 7807K [0x02c00000, 0x07850000, 0x08150000)
  eden space 62528K,   0% used [0x02c00000, 0x02c00000, 0x06910000)
  from space 7808K,  99% used [0x070b0000, 0x0784fff8, 0x07850000)
  to   space 7808K,   0% used [0x06910000, 0x06910000, 0x070b0000)
 tenured generation   total 156180K, used 120884K [0x08150000, 0x119d5000, 0x12c00000)
   the space 156180K,  77% used [0x08150000, 0x0f75d2e0, 0x0f75d400, 0x119d5000)
 compacting perm gen  total 12288K, used 7284K [0x12c00000, 0x13800000, 0x16c00000)
   the space 12288K,  59% used [0x12c00000, 0x1331d348, 0x1331d400, 0x13800000)
No shared spaces configured.
}
Event: 14.520 GC heap before
{Heap before GC invocations=45 (full 5):
 def new generation   total 70336K, used 70335K [0x02c00000, 0x07850000, 0x08150000)
  eden space 62528K, 100% used [0x02c00000, 0x06910000, 0x06910000)
  from space 7808K,  99% used [0x070b0000, 0x0784fff8, 0x07850000)
  to   space 7808K,   0% used [0x06910000, 0x06910000, 0x070b0000)
 tenured generation   total 156180K, used 120884K [0x08150000, 0x119d5000, 0x12c00000)
   the space 156180K,  77% used [0x08150000, 0x0f75d2e0, 0x0f75d400, 0x119d5000)
 compacting perm gen  total 12288K, used 7284K [0x12c00000, 0x13800000, 0x16c00000)
   the space 12288K,  59% used [0x12c00000, 0x1331d348, 0x1331d400, 0x13800000)
No shared spaces configured.
Event: 14.644 GC heap after
Heap after GC invocations=46 (full 5):
 def new generation   total 70336K, used 7808K [0x02c00000, 0x07850000, 0x08150000)
  eden space 62528K,   0% used [0x02c00000, 0x02c00000, 0x06910000)
  from space 7808K, 100% used [0x06910000, 0x070b0000, 0x070b0000)
  to   space 7808K,   0% used [0x070b0000, 0x070b0000, 0x07850000)
 tenured generation   total 156180K, used 131319K [0x08150000, 0x119d5000, 0x12c00000)
   the space 156180K,  84% used [0x08150000, 0x1018dee0, 0x1018e000, 0x119d5000)
 compacting perm gen  total 12288K, used 7284K [0x12c00000, 0x13800000, 0x16c00000)
   the space 12288K,  59% used [0x12c00000, 0x1331d348, 0x1331d400, 0x13800000)
No shared spaces configured.
}
Event: 15.342 GC heap before
{Heap before GC invocations=46 (full 5):
 def new generation   total 70336K, used 70336K [0x02c00000, 0x07850000, 0x08150000)
  eden space 62528K, 100% used [0x02c00000, 0x06910000, 0x06910000)
  from space 7808K, 100% used [0x06910000, 0x070b0000, 0x070b0000)
  to   space 7808K,   0% used [0x070b0000, 0x070b0000, 0x07850000)
 tenured generation   total 156180K, used 131319K [0x08150000, 0x119d5000, 0x12c00000)
   the space 156180K,  84% used [0x08150000, 0x1018dee0, 0x1018e000, 0x119d5000)
 compacting perm gen  total 12288K, used 7284K [0x12c00000, 0x13800000, 0x16c00000)
   the space 12288K,  59% used [0x12c00000, 0x1331d348, 0x1331d400, 0x13800000)
No shared spaces configured.
Event: 15.465 GC heap after
Heap after GC invocations=47 (full 5):
 def new generation   total 70336K, used 7808K [0x02c00000, 0x07850000, 0x08150000)
  eden space 62528K,   0% used [0x02c00000, 0x02c00000, 0x06910000)
  from space 7808K, 100% used [0x070b0000, 0x07850000, 0x07850000)
  to   space 7808K,   0% used [0x06910000, 0x06910000, 0x070b0000)
 tenured generation   total 156180K, used 141663K [0x08150000, 0x119d5000, 0x12c00000)
   the space 156180K,  90% used [0x08150000, 0x10ba7d90, 0x10ba7e00, 0x119d5000)
 compacting perm gen  total 12288K, used 7284K [0x12c00000, 0x13800000, 0x16c00000)
   the space 12288K,  59% used [0x12c00000, 0x1331d348, 0x1331d400, 0x13800000)
No shared spaces configured.
}
Event: 16.162 GC heap before
{Heap before GC invocations=47 (full 5):
 def new generation   total 70336K, used 70336K [0x02c00000, 0x07850000, 0x08150000)
  eden space 62528K, 100% used [0x02c00000, 0x06910000, 0x06910000)
  from space 7808K, 100% used [0x070b0000, 0x07850000, 0x07850000)
  to   space 7808K,   0% used [0x06910000, 0x06910000, 0x070b0000)
 tenured generation   total 156180K, used 141663K [0x08150000, 0x119d5000, 0x12c00000)
   the space 156180K,  90% used [0x08150000, 0x10ba7d90, 0x10ba7e00, 0x119d5000)
 compacting perm gen  total 12288K, used 7284K [0x12c00000, 0x13800000, 0x16c00000)
   the space 12288K,  59% used [0x12c00000, 0x1331d348, 0x1331d400, 0x13800000)
No shared spaces configured.
Event: 16.280 GC heap after
Heap after GC invocations=48 (full 5):
 def new generation   total 70336K, used 7808K [0x02c00000, 0x07850000, 0x08150000)
  eden space 62528K,   0% used [0x02c00000, 0x02c00000, 0x06910000)
  from space 7808K, 100% used [0x06910000, 0x070b0000, 0x070b0000)
  to   space 7808K,   0% used [0x070b0000, 0x070b0000, 0x07850000)
 tenured generation   total 156180K, used 151920K [0x08150000, 0x119d5000, 0x12c00000)
   the space 156180K,  97% used [0x08150000, 0x115ac3b8, 0x115ac400, 0x119d5000)
 compacting perm gen  total 12288K, used 7284K [0x12c00000, 0x13800000, 0x16c00000)
   the space 12288K,  59% used [0x12c00000, 0x1331d348, 0x1331d400, 0x13800000)
No shared spaces configured.
}
Event: 16.974 GC heap before
{Heap before GC invocations=48 (full 5):
 def new generation   total 70336K, used 70336K [0x02c00000, 0x07850000, 0x08150000)
  eden space 62528K, 100% used [0x02c00000, 0x06910000, 0x06910000)
  from space 7808K, 100% used [0x06910000, 0x070b0000, 0x070b0000)
  to   space 7808K,   0% used [0x070b0000, 0x070b0000, 0x07850000)
 tenured generation   total 156180K, used 151920K [0x08150000, 0x119d5000, 0x12c00000)
   the space 156180K,  97% used [0x08150000, 0x115ac3b8, 0x115ac400, 0x119d5000)
 compacting perm gen  total 12288K, used 7284K [0x12c00000, 0x13800000, 0x16c00000)
   the space 12288K,  59% used [0x12c00000, 0x1331d348, 0x1331d400, 0x13800000)
No shared spaces configured.
Event: 18.049 GC heap after
Heap after GC invocations=49 (full 6):
 def new generation   total 78656K, used 7756K [0x02c00000, 0x08150000, 0x08150000)
  eden space 69952K,  11% used [0x02c00000, 0x03393058, 0x07050000)
  from space 8704K,   0% used [0x07050000, 0x07050000, 0x078d0000)
  to   space 8704K,   0% used [0x078d0000, 0x078d0000, 0x08150000)
 tenured generation   total 174784K, used 162324K [0x08150000, 0x12c00000, 0x12c00000)
   the space 174784K,  92% used [0x08150000, 0x11fd5000, 0x11fd5000, 0x12c00000)
 compacting perm gen  total 12288K, used 7284K [0x12c00000, 0x13800000, 0x16c00000)
   the space 12288K,  59% used [0x12c00000, 0x1331d348, 0x1331d400, 0x13800000)
No shared spaces configured.
}

